<?xml version="1.0" encoding="UTF-8"?>
<!-- Generated by org.testng.reporters.JUnitXMLReporter -->
<testsuite hostname="DESKTOP-FJN63NP" ignored="0" name="Default test" tests="3" failures="0" timestamp="2023-04-23T13:22:15 IST" time="0.106" errors="0">
  <testcase name="loginTest" time="0.021" classname="com.selenium.dataprovider.DataProviderDemo"/>
  <testcase name="loginTest" time="0.001" classname="com.selenium.dataprovider.DataProviderDemo"/>
  <testcase name="loginTest" time="0.001" classname="com.selenium.dataprovider.DataProviderDemo"/>
</testsuite> <!-- Default test -->
